Step, Strands, <Q>, piYX, trouton_1, trouton_2
1, 1005, 0.155130, -0.020230, -0.055514, -0.011088
2, 1001, 0.155040, -0.022237, -0.016474, 0.003840
3, 1006, 0.155280, -0.019262, 0.009266, 0.012622
4, 1006, 0.155056, -0.025804, 0.039502, 0.011541
5, 1006, 0.154576, -0.020542, 0.060944, -0.009903
6, 1008, 0.154753, -0.021285, 0.092844, -0.000183
7, 1004, 0.155066, -0.020287, 0.128276, 0.017661
8, 1009, 0.154882, -0.019066, 0.158562, 0.016463
9, 1007, 0.154709, -0.015081, 0.178063, 0.007924
10, 1001, 0.155256, -0.009629, 0.208408, 0.004719
11, 998, 0.154853, -0.008335, 0.245093, 0.013574
12, 998, 0.155017, -0.008306, 0.294033, 0.014797
13, 991, 0.155242, -0.014750, 0.328308, 0.016503
14, 999, 0.155252, -0.006159, 0.343885, 0.005540
15, 1000, 0.154921, -0.010708, 0.387553, 0.021765
16, 995, 0.155334, -0.008002, 0.432402, 0.019358
17, 999, 0.155822, -0.010461, 0.461190, 0.021363
18, 997, 0.156043, -0.013164, 0.477738, 0.016903
19, 996, 0.156304, -0.015901, 0.504168, 0.019123
20, 998, 0.156129, -0.018883, 0.518864, 0.013801
21, 997, 0.156947, -0.010438, 0.556372, 0.012031
22, 1004, 0.156786, -0.009920, 0.585310, 0.011112
23, 1001, 0.157007, -0.011036, 0.604334, 0.000644
24, 1000, 0.157539, -0.008730, 0.641768, 0.009988
25, 1002, 0.157664, -0.008654, 0.671146, 0.007515
26, 1008, 0.157988, -0.014672, 0.705154, 0.001274
27, 1009, 0.157997, -0.017543, 0.736900, 0.000477
28, 1005, 0.158392, -0.017545, 0.765340, -0.005219
29, 1009, 0.158918, -0.016732, 0.793892, -0.011563
30, 1010, 0.158697, -0.016405, 0.827001, 0.000021
31, 1007, 0.158974, -0.015268, 0.863711, 0.006008
32, 1009, 0.159729, -0.011198, 0.896151, -0.005806
33, 1011, 0.159778, -0.009516, 0.931565, 0.009372
34, 1005, 0.159512, -0.007917, 0.932192, 0.012368
35, 1003, 0.159999, -0.011226, 0.975083, 0.026912
36, 1004, 0.160325, -0.015138, 0.993540, 0.014802
37, 1006, 0.160974, -0.013874, 1.020171, 0.018843
38, 1009, 0.161013, -0.011523, 1.034142, 0.019249
39, 1013, 0.161465, -0.021811, 1.063724, 0.010232
40, 1016, 0.161637, -0.025329, 1.100374, 0.008209
41, 1016, 0.161881, -0.028291, 1.142333, 0.016450
42, 1016, 0.162098, -0.021847, 1.166581, 0.000934
43, 1018, 0.161920, -0.022255, 1.183438, -0.004644
44, 1026, 0.162326, -0.021878, 1.236647, -0.005357
45, 1025, 0.162418, -0.022526, 1.269627, -0.006511
46, 1029, 0.162541, -0.026479, 1.301402, -0.018630
47, 1038, 0.163117, -0.020319, 1.344060, -0.026974
48, 1037, 0.163513, -0.029509, 1.364296, -0.029703
49, 1035, 0.163492, -0.026104, 1.384403, -0.027304
50, 1036, 0.163725, -0.020000, 1.413930, -0.020045
51, 1039, 0.163970, -0.016109, 1.464447, -0.020563
52, 1034, 0.164562, -0.013382, 1.499460, -0.023856
53, 1035, 0.164646, -0.013773, 1.549907, -0.017209
54, 1033, 0.165152, -0.010639, 1.593272, -0.018252
55, 1036, 0.165562, -0.018214, 1.618541, -0.031712
56, 1033, 0.166452, -0.018904, 1.657119, -0.045427
57, 1034, 0.166617, -0.019246, 1.696748, -0.033683
58, 1042, 0.167661, -0.020524, 1.739629, -0.035579
59, 1053, 0.167951, -0.018531, 1.794560, -0.025631
60, 1052, 0.168408, -0.022644, 1.839038, -0.022777
61, 1053, 0.168798, -0.032689, 1.872345, -0.024241
62, 1055, 0.169052, -0.029508, 1.899569, -0.025295
63, 1058, 0.169957, -0.028067, 1.938273, -0.034447
64, 1059, 0.170682, -0.025706, 1.991581, -0.033821
65, 1056, 0.170563, -0.026376, 2.005237, -0.033911
66, 1059, 0.171021, -0.028394, 2.047125, -0.041350
67, 1055, 0.171024, -0.030382, 2.069109, -0.039722
68, 1054, 0.171323, -0.025333, 2.116232, -0.042373
69, 1051, 0.171983, -0.016977, 2.136787, -0.044417
70, 1049, 0.172455, -0.013361, 2.185457, -0.039225
71, 1053, 0.172684, -0.011397, 2.238510, -0.018899
72, 1055, 0.172583, -0.012081, 2.250227, -0.015770
73, 1045, 0.173424, -0.008139, 2.293171, 0.001532
74, 1047, 0.173838, -0.008606, 2.345018, 0.007505
75, 1054, 0.173902, -0.012331, 2.385879, 0.001496
76, 1053, 0.175113, -0.009652, 2.443740, 0.016708
77, 1057, 0.175714, -0.012805, 2.494483, 0.010535
78, 1060, 0.176737, -0.019724, 2.530454, 0.024696
79, 1066, 0.177418, -0.012220, 2.587660, 0.039268
80, 1068, 0.177845, -0.010267, 2.635659, 0.041100
81, 1066, 0.178382, -0.016791, 2.667286, 0.038137
82, 1062, 0.178959, -0.014916, 2.719083, 0.032865
83, 1056, 0.179407, -0.012125, 2.742718, 0.028770
84, 1054, 0.180044, -0.017680, 2.803150, 0.024087
85, 1062, 0.180086, -0.008556, 2.826730, 0.020699
86, 1062, 0.180964, -0.002576, 2.889292, 0.027603
87, 1056, 0.181253, -0.005842, 2.956382, 0.031737
88, 1056, 0.181322, -0.005399, 2.993220, 0.027758
89, 1057, 0.182419, -0.010794, 3.060081, 0.019684
90, 1059, 0.182746, -0.010958, 3.132366, 0.017560
91, 1056, 0.182816, -0.010243, 3.202874, 0.006399
92, 1054, 0.182933, -0.003563, 3.214094, 0.001250
93, 1057, 0.183193, 0.000389, 3.252148, 0.007456
94, 1050, 0.183588, 0.002872, 3.281711, 0.004112
95, 1048, 0.184292, 0.000685, 3.324264, 0.011112
96, 1049, 0.184955, -0.002102, 3.385020, -0.003174
97, 1048, 0.185478, 0.001243, 3.431713, 0.008845
98, 1044, 0.186443, -0.001382, 3.501476, 0.003064
99, 1038, 0.187322, -0.000803, 3.546166, 0.005425
100, 1037, 0.187699, -0.006280, 3.571581, 0.017838
101, 1038, 0.187865, -0.011628, 3.610120, 0.009507
102, 1038, 0.188928, -0.009567, 3.693640, 0.025899
103, 1043, 0.189567, -0.003212, 3.765905, 0.018206
104, 1041, 0.189922, -0.001205, 3.836229, 0.010451
105, 1048, 0.190377, -0.004903, 3.909420, 0.002890
106, 1047, 0.190402, -0.009407, 3.967082, 0.011693
107, 1048, 0.190863, -0.008651, 3.978616, 0.002490
108, 1048, 0.191714, -0.007039, 4.079906, -0.003829
109, 1053, 0.191721, -0.009345, 4.127844, -0.014313
110, 1054, 0.192029, -0.008551, 4.180457, -0.012755
111, 1049, 0.192926, -0.007269, 4.247174, -0.006254
112, 1044, 0.193600, -0.007433, 4.307494, -0.009608
113, 1043, 0.194286, -0.007798, 4.383621, -0.009693
114, 1044, 0.194628, -0.003170, 4.463410, -0.005169
115, 1038, 0.194464, -0.006685, 4.471562, -0.003463
116, 1032, 0.194726, -0.006837, 4.510221, 0.000900
117, 1031, 0.194962, 0.003816, 4.555478, -0.004034
118, 1029, 0.196383, 0.003249, 4.626698, -0.005111
119, 1031, 0.197416, 0.007007, 4.726095, 0.000366
120, 1027, 0.198006, 0.006158, 4.795055, 0.006930
121, 1022, 0.198175, 0.003338, 4.826434, 0.009704
122, 1024, 0.199121, -0.000891, 4.891770, 0.006850
123, 1023, 0.200424, 0.003453, 4.989911, 0.004736
124, 1023, 0.199898, 0.002825, 4.952089, 0.005944
125, 1017, 0.200841, 0.007109, 5.053933, 0.007094
126, 1012, 0.201359, 0.012619, 5.103299, -0.004782
127, 1004, 0.201823, 0.011825, 5.132119, -0.003379
128, 1005, 0.202126, 0.012014, 5.204411, -0.005093
129, 1006, 0.202353, 0.014000, 5.269003, -0.015696
130, 1010, 0.202252, 0.024436, 5.337553, -0.027303
131, 1009, 0.202405, 0.022363, 5.311451, -0.029762
132, 1011, 0.202470, 0.021982, 5.381345, -0.031899
133, 1010, 0.203524, 0.015585, 5.434925, -0.003279
134, 1014, 0.202231, 0.012779, 5.330746, -0.003578
135, 1010, 0.202173, 0.009621, 5.286321, -0.005431
136, 1014, 0.201804, 0.010047, 5.244973, 0.005719
137, 1009, 0.201426, 0.007253, 5.148905, 0.005730
138, 1013, 0.201821, 0.003806, 5.223678, 0.006291
139, 1015, 0.201280, 0.002082, 5.147482, 0.004870
140, 1016, 0.201185, 0.004007, 5.166620, 0.012926
141, 1018, 0.200815, 0.002749, 5.042083, 0.012357
142, 1024, 0.200475, 0.002436, 5.063116, 0.011913
143, 1029, 0.200654, 0.004837, 5.107732, 0.006161
144, 1024, 0.201009, 0.005066, 5.175707, 0.009165
145, 1023, 0.201571, 0.009067, 5.251372, 0.002812
146, 1021, 0.202946, 0.015468, 5.341705, 0.002498
147, 1012, 0.202798, 0.014501, 5.314274, 0.005209
148, 1017, 0.203162, 0.018286, 5.373632, 0.008723
149, 1018, 0.203369, 0.017535, 5.426044, 0.016139
150, 1013, 0.203790, 0.015812, 5.453173, 0.013547
151, 1016, 0.203455, 0.005478, 5.498234, -0.003165
152, 1021, 0.203919, 0.004317, 5.591390, -0.010894
153, 1021, 0.203547, 0.000142, 5.502102, -0.018050
154, 1020, 0.203956, 0.001098, 5.575475, -0.015913
155, 1018, 0.204316, -0.002016, 5.630011, -0.010692
156, 1023, 0.204155, -0.006355, 5.698662, -0.007214
157, 1029, 0.204132, -0.003148, 5.790812, -0.015700
158, 1025, 0.204535, 0.000561, 5.800211, -0.008288
159, 1023, 0.204842, -0.000966, 5.877724, -0.007406
160, 1022, 0.205911, -0.006270, 5.995281, -0.007075
161, 1019, 0.205969, -0.000313, 6.000693, -0.006076
162, 1015, 0.205894, 0.003530, 6.017663, -0.006781
163, 1007, 0.205058, 0.001639, 5.859004, -0.000408
164, 1011, 0.205149, 0.000630, 5.918172, 0.007816
165, 1008, 0.205856, 0.000599, 6.011128, 0.009386
166, 1004, 0.205222, -0.002026, 6.020734, 0.025276
167, 1013, 0.205080, -0.001431, 6.074750, 0.045097
168, 1011, 0.205960, 0.000992, 6.191879, 0.029143
169, 1011, 0.205910, 0.004985, 6.236901, 0.033705
170, 1007, 0.206669, 0.001943, 6.351182, 0.031627
171, 1002, 0.206997, 0.007997, 6.353761, 0.025149
172, 1001, 0.206112, 0.020198, 6.253746, 0.027630
173, 999, 0.206912, 0.022103, 6.322867, 0.017741
174, 1005, 0.206931, 0.021415, 6.423147, 0.029483
175, 1005, 0.207412, 0.020806, 6.545808, 0.030656
176, 1004, 0.206708, 0.024519, 6.426031, 0.025290
177, 1005, 0.207444, 0.025762, 6.509911, 0.013229
178, 999, 0.207277, 0.026033, 6.473211, 0.002721
179, 1000, 0.207424, 0.023699, 6.515103, 0.003971
180, 992, 0.208385, 0.023108, 6.594318, 0.016762
181, 997, 0.209237, 0.025850, 6.724619, 0.003319
182, 1001, 0.209946, 0.031217, 6.862283, 0.010758
183, 1001, 0.210639, 0.035313, 6.942011, 0.017187
184, 1000, 0.210955, 0.035302, 6.957454, 0.025856
185, 1002, 0.211754, 0.032517, 7.076149, 0.027172
186, 993, 0.210898, 0.032646, 6.946710, 0.027663
187, 996, 0.209117, 0.023809, 6.512713, 0.035962
188, 998, 0.208425, 0.019794, 6.508763, 0.035490
189, 992, 0.209080, 0.013640, 6.541394, 0.047178
190, 993, 0.209904, 0.019024, 6.661190, 0.051582
191, 992, 0.210449, 0.024455, 6.705006, 0.038765
192, 994, 0.209961, 0.026544, 6.690922, 0.033498
193, 991, 0.211077, 0.026819, 6.823005, 0.031816
194, 987, 0.211767, 0.027405, 6.921874, 0.027576
195, 995, 0.210225, 0.032439, 6.680784, 0.034016
196, 989, 0.210559, 0.032624, 6.715969, 0.030791
197, 989, 0.210179, 0.035412, 6.698911, 0.033902
198, 992, 0.210336, 0.032851, 6.694593, 0.021449
199, 987, 0.210489, 0.034379, 6.630775, 0.020933
200, 981, 0.211032, 0.032355, 6.676327, 0.021377
201, 983, 0.210950, 0.028462, 6.654703, 0.007399
202, 982, 0.210599, 0.028260, 6.682358, 0.007438
203, 983, 0.210240, 0.029128, 6.709612, 0.000489
204, 981, 0.210734, 0.027574, 6.796628, -0.008726
205, 979, 0.210951, 0.033634, 6.740191, -0.018902
206, 975, 0.211930, 0.036908, 6.848375, -0.029233
207, 978, 0.211955, 0.033196, 6.890515, -0.027835
208, 976, 0.211596, 0.033043, 6.926256, -0.029635
209, 978, 0.211438, 0.025514, 6.969230, -0.022492
210, 971, 0.211979, 0.024231, 7.067117, -0.020647
211, 972, 0.212492, 0.022799, 7.187640, -0.022807
212, 979, 0.210683, 0.021557, 6.900278, -0.027894
213, 978, 0.210663, 0.023812, 6.920044, -0.026084
214, 978, 0.210681, 0.027131, 6.938351, -0.025936
215, 975, 0.211685, 0.025385, 7.025975, -0.005693
216, 981, 0.211235, 0.030082, 7.096667, -0.007427
217, 986, 0.211111, 0.034183, 7.209444, -0.014647
218, 983, 0.211645, 0.030097, 7.222492, -0.021620
219, 985, 0.212307, 0.030297, 7.084507, -0.036285
220, 980, 0.211526, 0.030142, 6.848106, -0.033103
221, 980, 0.211318, 0.030004, 6.874639, -0.036708
222, 979, 0.211183, 0.033748, 6.932128, -0.045103
223, 979, 0.209571, 0.023526, 6.592678, -0.055255
224, 981, 0.210671, 0.023827, 6.748121, -0.055213
225, 981, 0.210958, 0.017443, 6.823863, -0.051275
226, 987, 0.209611, 0.012443, 6.775771, -0.034559
227, 985, 0.210007, 0.015758, 6.879074, -0.041669
228, 975, 0.210346, 0.012435, 6.850109, -0.043892
229, 974, 0.211250, 0.012408, 6.970454, -0.036757
230, 973, 0.211634, 0.015206, 7.104206, -0.026532
231, 976, 0.210035, 0.020273, 7.013479, -0.026679
232, 978, 0.209947, 0.018510, 7.101072, -0.028240
233, 982, 0.209727, 0.018581, 7.160598, -0.027580
234, 978, 0.209898, 0.019880, 7.150506, -0.038670
235, 977, 0.210610, 0.024121, 7.234351, -0.028303
236, 974, 0.210748, 0.023961, 7.185648, -0.031487
237, 971, 0.211270, 0.019857, 7.319595, -0.027432
238, 976, 0.211025, 0.019600, 7.315808, -0.023112
239, 974, 0.210719, 0.021848, 7.342985, -0.018172
240, 976, 0.209450, 0.020569, 7.317021, -0.015024
241, 977, 0.209421, 0.024631, 7.411108, -0.006221
242, 980, 0.209461, 0.022350, 7.510810, 0.002357
243, 975, 0.209265, 0.023747, 7.583131, 0.005499
244, 972, 0.209328, 0.022956, 7.653428, 0.000129
245, 976, 0.210083, 0.022171, 7.825240, 0.013386
246, 977, 0.210390, 0.023972, 7.935669, 0.019730
247, 981, 0.209430, 0.016472, 7.797446, 0.023565
248, 981, 0.209971, 0.017275, 7.759857, 0.015769
249, 986, 0.209536, 0.017070, 7.784390, 0.010684
250, 988, 0.210242, 0.017876, 7.929632, 0.009874
251, 978, 0.211334, 0.016218, 8.047226, 0.015374
252, 977, 0.211565, 0.015507, 8.151895, 0.003113
253, 972, 0.211004, 0.017228, 8.204861, 0.011978
254, 972, 0.210465, 0.022336, 8.076242, 0.009399
255, 965, 0.210039, 0.020176, 7.801946, 0.020937
256, 963, 0.210013, 0.016671, 7.871485, 0.026006
257, 969, 0.210447, 0.018118, 7.992480, 0.043160
258, 973, 0.209311, 0.012439, 7.799819, 0.044855
259, 984, 0.209152, 0.017461, 7.857777, 0.045381
260, 987, 0.207868, 0.023127, 7.603763, 0.031673
261, 982, 0.206228, 0.024114, 7.445573, 0.010749
262, 978, 0.206318, 0.023440, 7.507754, 0.021128
263, 981, 0.206569, 0.027711, 7.612629, 0.015682
264, 983, 0.205872, 0.017269, 7.676633, 0.023693
265, 979, 0.206593, 0.011393, 7.711988, 0.024052
266, 980, 0.207346, 0.013524, 7.875674, 0.025281
267, 978, 0.206630, 0.009089, 7.861631, 0.033274
268, 975, 0.206807, 0.007587, 7.929915, 0.025316
269, 977, 0.205355, 0.017930, 7.763161, 0.033134
270, 975, 0.205790, 0.019636, 7.829243, 0.022357
271, 972, 0.205529, 0.023947, 7.814460, 0.031307
272, 975, 0.205731, 0.022743, 7.942650, 0.036204
273, 973, 0.204470, 0.025869, 7.723788, 0.050689
274, 969, 0.203948, 0.026799, 7.435924, 0.033720
275, 967, 0.203673, 0.027779, 7.375560, 0.023066
276, 965, 0.201809, 0.026449, 6.870617, 0.028007
277, 971, 0.202310, 0.019842, 6.989162, 0.027001
278, 974, 0.202799, 0.019878, 7.002085, 0.023826
279, 968, 0.203864, 0.021138, 7.133412, 0.016392
280, 968, 0.203851, 0.023218, 7.163716, 0.015643
281, 970, 0.203933, 0.022685, 7.230786, 0.008868
282, 968, 0.204238, 0.020236, 7.288536, 0.021141
283, 960, 0.205466, 0.025137, 7.396713, 0.010520
284, 956, 0.205512, 0.020097, 7.464801, 0.015894
285, 951, 0.205585, 0.017881, 7.419728, 0.022065
286, 952, 0.205881, 0.017424, 7.522990, 0.013407
287, 943, 0.205155, 0.021574, 7.292582, 0.000367
288, 939, 0.205818, 0.022363, 7.421101, 0.009378
289, 932, 0.205864, 0.025505, 7.380445, 0.016439
290, 931, 0.205454, 0.020974, 7.187303, 0.016868
291, 930, 0.205065, 0.019539, 7.007907, 0.016058
292, 925, 0.204533, 0.018718, 7.009421, 0.014600
293, 928, 0.205294, 0.017401, 7.143086, 0.016194
294, 936, 0.205051, 0.018105, 7.247939, 0.012075
295, 932, 0.205644, 0.015537, 7.372428, 0.017728
296, 924, 0.205781, 0.014415, 7.332322, 0.016218
297, 928, 0.206021, 0.013371, 7.450092, 0.008042
298, 930, 0.205644, 0.011276, 7.213909, 0.006026
299, 930, 0.205365, 0.012925, 7.011725, 0.009740
300, 928, 0.205970, 0.010473, 7.107923, 0.006661
301, 933, 0.204577, 0.009774, 7.087753, 0.019276
302, 929, 0.204534, 0.008087, 7.019910, 0.041279
303, 930, 0.203368, 0.005802, 6.923190, 0.038387
304, 928, 0.203380, 0.003547, 6.969746, 0.028808
305, 919, 0.204220, 0.001830, 7.065331, 0.026405
306, 920, 0.203866, -0.001518, 7.035557, 0.024568
307, 924, 0.204316, 0.002154, 7.174890, 0.016278
308, 932, 0.203510, -0.000479, 6.898545, 0.018080
309, 929, 0.203231, 0.000205, 6.637180, 0.018648
310, 928, 0.202887, 0.000774, 6.651184, 0.014289
311, 929, 0.202821, 0.000769, 6.726810, 0.012686
312, 926, 0.203694, 0.004096, 6.838140, 0.021204
313, 929, 0.203654, 0.007841, 6.935577, 0.020758
314, 935, 0.204054, 0.007186, 7.084984, 0.023429
315, 934, 0.205087, 0.004215, 7.202718, 0.002886
316, 934, 0.204714, 0.006821, 7.248198, 0.025229
317, 931, 0.204204, 0.006437, 7.206783, 0.029410
318, 934, 0.203855, 0.008645, 7.295578, 0.030328
319, 928, 0.203460, 0.013976, 7.123644, 0.020645
320, 934, 0.202287, 0.015037, 6.889208, 0.024938
321, 929, 0.202418, 0.013762, 6.961752, 0.017748
322, 920, 0.204486, 0.015151, 7.101435, 0.006935
323, 916, 0.205139, 0.009743, 7.190028, 0.004481
324, 915, 0.205701, 0.014338, 7.318570, 0.007434
325, 917, 0.205031, 0.007571, 7.362762, 0.018143
326, 922, 0.205386, 0.007954, 7.394641, 0.028998
327, 924, 0.205215, 0.002898, 7.483653, 0.031555
328, 931, 0.205015, 0.000838, 7.618173, 0.038500
329, 927, 0.205355, 0.004928, 7.726362, 0.031810
330, 930, 0.204683, 0.006517, 7.680553, 0.034501
331, 924, 0.205404, 0.011058, 7.807988, 0.036641
332, 927, 0.206457, 0.008737, 7.972381, 0.042554
333, 928, 0.206354, 0.007616, 7.688432, 0.038007
334, 927, 0.205360, 0.008330, 7.145109, 0.030695
335, 935, 0.205335, 0.002808, 7.238846, 0.028655
336, 932, 0.206373, 0.006649, 7.359250, 0.026534
337, 929, 0.206794, 0.002560, 7.487151, 0.020890
338, 932, 0.207202, 0.005401, 7.585322, 0.033855
339, 927, 0.208667, 0.001131, 7.736711, 0.036996
340, 926, 0.208310, 0.003029, 7.476504, 0.052783
341, 934, 0.208002, 0.003973, 7.581089, 0.055978
342, 927, 0.208594, 0.004623, 7.660944, 0.046129
343, 928, 0.208543, 0.006269, 7.631350, 0.046993
344, 917, 0.209944, 0.005109, 7.762788, 0.048466
345, 913, 0.210980, 0.005912, 7.894941, 0.041369
346, 915, 0.208835, 0.000182, 7.452615, 0.028069
347, 920, 0.208440, 0.002828, 7.418156, 0.029018
348, 916, 0.208995, 0.007890, 7.514196, 0.029004
349, 910, 0.209547, 0.008047, 7.538194, 0.040805
350, 913, 0.210554, 0.002182, 7.694977, 0.036471
351, 910, 0.210530, 0.012142, 7.755051, 0.044589
352, 911, 0.211553, 0.020883, 7.906935, 0.040488
353, 907, 0.211841, 0.021326, 7.405842, 0.047384
354, 914, 0.212102, 0.023395, 7.477374, 0.034632
355, 919, 0.212029, 0.019444, 7.522863, 0.048290
356, 925, 0.212625, 0.012802, 7.660621, 0.033151
357, 927, 0.212139, 0.007760, 7.516299, 0.041205
358, 933, 0.212646, 0.008012, 7.666662, 0.050890
359, 939, 0.212875, 0.005916, 7.820072, 0.055326
360, 928, 0.214387, 0.003420, 7.980083, 0.049782
361, 928, 0.214166, 0.006505, 7.957084, 0.053957
362, 920, 0.214805, 0.006656, 8.003071, 0.044078
363, 915, 0.214875, 0.006406, 7.904953, 0.037648
364, 908, 0.215343, 0.002917, 7.996756, 0.026811
365, 913, 0.214340, 0.003169, 8.021464, 0.023170
366, 915, 0.213807, 0.003140, 7.822248, 0.017107
367, 920, 0.212754, 0.005659, 7.600992, 0.006543
368, 913, 0.211427, 0.007132, 6.799116, 0.003934
369, 905, 0.212942, 0.006126, 6.923037, -0.006435
370, 904, 0.213158, 0.006447, 7.040788, -0.006440
371, 911, 0.212537, -0.003254, 7.150336, -0.007861
372, 915, 0.212739, -0.004172, 7.251740, -0.008228
373, 914, 0.212346, -0.000491, 7.151402, -0.010081
374, 916, 0.211653, 0.001483, 6.921158, -0.012078
375, 919, 0.211513, 0.000794, 6.791732, -0.018728
376, 916, 0.212193, 0.001713, 6.899855, -0.013535
377, 919, 0.212424, 0.001091, 7.031534, -0.023232
378, 920, 0.212956, 0.005241, 7.153344, -0.020596
379, 924, 0.212343, 0.006347, 7.203366, -0.010112
380, 923, 0.212414, 0.008552, 7.191516, 0.007374
381, 932, 0.212873, 0.007472, 7.313979, -0.004487
382, 938, 0.212288, 0.008649, 7.317577, -0.005577
383, 936, 0.212620, 0.015488, 7.336975, -0.013187
384, 937, 0.212478, 0.018311, 7.352676, -0.020971
385, 933, 0.212400, 0.012987, 7.460630, -0.010436
386, 925, 0.212341, 0.008028, 7.478876, -0.011694
387, 920, 0.212822, 0.010415, 7.513938, -0.015846
388, 927, 0.211555, 0.016556, 7.211930, -0.009177
389, 925, 0.211053, 0.018904, 7.230941, -0.010065
390, 930, 0.210980, 0.020543, 7.319553, -0.005835
391, 931, 0.211747, 0.021459, 7.458612, -0.011320
392, 940, 0.211030, 0.013882, 7.223643, -0.007735
393, 941, 0.212136, 0.010340, 7.359099, -0.014433
394, 938, 0.212883, 0.009941, 7.477587, -0.024293
395, 939, 0.213685, 0.004302, 7.656528, -0.020774
396, 941, 0.214439, 0.001814, 7.815287, -0.022955
397, 938, 0.213598, 0.004693, 7.828029, -0.018220
398, 938, 0.214398, 0.002897, 7.931278, -0.024789
399, 942, 0.215322, 0.001959, 8.102656, -0.027079
400, 951, 0.214260, 0.005016, 8.079338, -0.026923
401, 949, 0.213446, 0.006848, 7.912691, -0.017897
402, 937, 0.214960, 0.007744, 8.054209, -0.010579
403, 938, 0.215257, 0.003651, 8.186855, 0.005001
404, 950, 0.213370, 0.005709, 7.700505, 0.008875
405, 946, 0.213263, 0.004263, 7.668181, 0.004952
406, 941, 0.214026, 0.008644, 7.795065, 0.015579
407, 937, 0.214544, -0.000356, 7.911728, 0.020206
408, 939, 0.214001, 0.001015, 7.938676, 0.016300
409, 933, 0.214287, -0.004395, 7.725280, 0.002831
410, 933, 0.213816, -0.004131, 7.669598, 0.000409
411, 937, 0.213357, -0.005816, 7.597273, 0.003074
412, 934, 0.214296, -0.009050, 7.419886, 0.004754
413, 936, 0.215503, -0.013315, 7.603526, 0.016045
414, 936, 0.215307, -0.012242, 7.671813, 0.015526
415, 939, 0.213276, -0.012663, 7.511855, 0.016090
416, 935, 0.213277, -0.009146, 7.458524, 0.014499
417, 940, 0.213112, -0.005650, 7.559723, 0.012395
418, 941, 0.213468, -0.004016, 7.663758, 0.028657
419, 948, 0.213241, -0.008271, 7.759701, 0.024557
420, 946, 0.213382, -0.012938, 7.855810, 0.024024
421, 950, 0.213088, -0.015933, 7.940003, 0.019878
422, 954, 0.213008, -0.018246, 8.060199, 0.016359
423, 953, 0.213507, -0.022918, 8.178373, 0.014523
424, 956, 0.213335, -0.020769, 8.078556, -0.001754
425, 962, 0.213346, -0.017714, 8.210656, 0.017527
426, 964, 0.214031, -0.017781, 8.371054, 0.010826
427, 966, 0.213510, -0.018833, 8.346775, -0.008374
428, 962, 0.213903, -0.018258, 8.403167, -0.010156
429, 959, 0.213845, -0.018495, 8.366128, -0.015900
430, 959, 0.214759, -0.019518, 8.500484, 0.003836
431, 964, 0.214344, -0.015431, 8.499245, 0.019487
432, 966, 0.214353, -0.017902, 8.648006, 0.019572
433, 961, 0.214513, -0.015219, 8.640873, 0.017222
434, 958, 0.214896, -0.013186, 8.708031, 0.024026
435, 952, 0.215352, -0.018548, 8.562227, 0.021527
436, 958, 0.215927, -0.013715, 8.725390, 0.027881
437, 960, 0.216217, -0.016227, 8.915001, 0.026286
438, 950, 0.217663, -0.015048, 9.049939, 0.021971
439, 954, 0.218359, -0.012724, 9.197789, -0.005801
440, 955, 0.218384, -0.020087, 8.598432, -0.016506
441, 951, 0.218496, -0.016690, 8.597750, -0.018266
442, 952, 0.216094, -0.027957, 7.779991, -0.027855
443, 957, 0.216156, -0.025648, 7.895298, -0.030240
444, 950, 0.215167, -0.019281, 7.608607, -0.040516
445, 940, 0.215541, -0.022591, 7.680611, -0.044144
446, 937, 0.216176, -0.019526, 7.831429, -0.038934
447, 931, 0.216489, -0.015990, 7.737925, -0.052306
448, 926, 0.216144, -0.018619, 7.747074, -0.050351
449, 929, 0.216595, -0.018138, 7.904354, -0.046655
450, 926, 0.216688, -0.017429, 7.907344, -0.054555
451, 926, 0.215597, -0.023733, 7.713399, -0.045675
452, 924, 0.215764, -0.019348, 7.825027, -0.047281
453, 917, 0.214404, -0.019413, 7.472536, -0.050106
454, 918, 0.214586, -0.016555, 7.428261, -0.049423
455, 925, 0.214961, -0.021622, 7.582331, -0.041371
456, 929, 0.214896, -0.019511, 7.671809, -0.037798
457, 931, 0.214702, -0.009848, 7.681457, -0.037997
458, 937, 0.214468, -0.007590, 7.796395, -0.040474
459, 938, 0.214895, -0.007869, 7.942277, -0.052988
460, 938, 0.216099, -0.008185, 8.107575, -0.048323
461, 936, 0.216598, -0.012047, 8.174851, -0.042757
462, 932, 0.216659, -0.012137, 8.210043, -0.038098
463, 933, 0.217243, -0.014576, 8.294991, -0.035275
464, 930, 0.218530, -0.014091, 8.420648, -0.030727
465, 932, 0.218265, -0.014389, 8.486163, -0.041702
466, 929, 0.218487, -0.009070, 8.475219, -0.044006
467, 928, 0.218559, -0.010274, 8.438080, -0.027505
468, 929, 0.218146, -0.012050, 8.466993, -0.027859
469, 924, 0.217971, -0.012484, 8.304925, -0.020841
470, 929, 0.218579, -0.014327, 8.435569, -0.010478
471, 925, 0.218250, -0.013934, 8.341976, -0.012462
472, 923, 0.216788, -0.012408, 8.003400, -0.001980
473, 927, 0.216304, -0.014625, 7.884221, -0.001639
474, 923, 0.215454, -0.014706, 7.785985, -0.000483
475, 929, 0.215579, -0.004473, 7.909662, 0.001328
476, 936, 0.214837, -0.011117, 7.652407, 0.012645
477, 932, 0.215455, -0.009970, 7.738064, 0.001126
478, 935, 0.214831, -0.003483, 7.611791, 0.009979
479, 934, 0.215308, -0.002634, 7.640918, 0.007989
480, 925, 0.214557, 0.006430, 7.465707, 0.021674
481, 927, 0.214936, 0.003276, 7.569683, 0.013959
482, 931, 0.215207, 0.005097, 7.702227, 0.005629
483, 930, 0.216080, 0.002495, 7.844817, -0.006155
484, 928, 0.216805, 0.009205, 7.884379, -0.020603
485, 924, 0.216732, 0.007773, 7.844122, -0.015060
486, 925, 0.217052, 0.001808, 7.849686, -0.012605
487, 929, 0.217833, -0.005569, 8.011061, -0.015683
488, 932, 0.218277, -0.007654, 8.061715, -0.027176
489, 928, 0.218728, -0.009677, 8.156559, -0.031856
490, 931, 0.219313, -0.007615, 8.337616, -0.029430
491, 938, 0.218759, -0.009222, 8.387436, -0.043270
492, 934, 0.219178, -0.011303, 8.176477, -0.057120
493, 934, 0.218963, -0.004576, 8.196861, -0.054273
494, 932, 0.219389, -0.000115, 8.291821, -0.045795
495, 927, 0.220035, -0.005357, 8.401549, -0.042379
496, 925, 0.220962, -0.004326, 8.571137, -0.041912
497, 922, 0.220501, -0.004877, 8.543551, -0.044306
498, 921, 0.219229, -0.005323, 8.057769, -0.049771
499, 927, 0.219775, -0.005405, 8.194260, -0.047904
